<?xml version="1.0" encoding="UTF-8"?>
<testng-results skipped="0" failed="0" total="2" passed="2">
  <reporter-output>
  </reporter-output>
  <suite name="Default suite" duration-ms="16" started-at="2017-11-30T08:00:47Z" finished-at="2017-11-30T08:00:47Z">
    <groups>
    </groups>
    <test name="Default test" duration-ms="16" started-at="2017-11-30T08:00:47Z" finished-at="2017-11-30T08:00:47Z">
      <class name="com.cn.TestDBConnection">
        <test-method status="PASS" signature="runOtherTest1()[pri:0, instance:com.cn.TestDBConnection@7d4793a8]" name="runOtherTest1" duration-ms="7" started-at="2017-11-30T16:00:47Z" finished-at="2017-11-30T16:00:47Z">
          <reporter-output>
          </reporter-output>
        </test-method> <!-- runOtherTest1 -->
        <test-method status="PASS" signature="runOtherTest2()[pri:0, instance:com.cn.TestDBConnection@7d4793a8]" name="runOtherTest2" duration-ms="1" started-at="2017-11-30T16:00:47Z" finished-at="2017-11-30T16:00:47Z">
          <reporter-output>
          </reporter-output>
        </test-method> <!-- runOtherTest2 -->
      </class> <!-- com.cn.TestDBConnection -->
    </test> <!-- Default test -->
  </suite> <!-- Default suite -->
</testng-results>
